<?xml version="1.0" encoding="UTF-8"?>
<testng-results ignored="0" total="1" passed="1" failed="0" skipped="0">
  <reporter-output>
  </reporter-output>
  <suite started-at="2022-06-20T17:21:53 IST" name="Default suite" finished-at="2022-06-20T17:22:02 IST" duration-ms="8204">
    <groups>
    </groups>
    <test started-at="2022-06-20T17:21:53 IST" name="Default test" finished-at="2022-06-20T17:22:02 IST" duration-ms="8204">
      <class name="webAutomation.naveenAutomationLabsTest">
        <test-method is-config="true" signature="driverIn()[pri:0, instance:webAutomation.naveenAutomationLabsTest@2d10e0b1]" started-at="2022-06-20T17:21:53 IST" name="driverIn" finished-at="2022-06-20T17:21:55 IST" duration-ms="1278" status="PASS">
          <reporter-output>
          </reporter-output>
        </test-method> <!-- driverIn -->
        <test-method signature="nalTest1()[pri:0, instance:webAutomation.naveenAutomationLabsTest@2d10e0b1]" started-at="2022-06-20T17:21:55 IST" name="nalTest1" finished-at="2022-06-20T17:22:02 IST" duration-ms="6912" status="PASS">
          <reporter-output>
          </reporter-output>
        </test-method> <!-- nalTest1 -->
      </class> <!-- webAutomation.naveenAutomationLabsTest -->
    </test> <!-- Default test -->
  </suite> <!-- Default suite -->
</testng-results>
