<?xml version="1.0" encoding="UTF-8"?>
<testng-results ignored="0" total="3" passed="3" failed="0" skipped="0">
  <reporter-output>
  </reporter-output>
  <suite started-at="2022-07-11T12:58:24 IST" name="Suite" finished-at="2022-07-11T12:58:57 IST" duration-ms="33423">
    <groups>
    </groups>
    <test started-at="2022-07-11T12:58:24 IST" name="Test" finished-at="2022-07-11T12:58:57 IST" duration-ms="33423">
      <class name="mobileAutoTest.MobileAuto1">
        <test-method is-config="true" signature="serverStart()[pri:0, instance:mobileAutoTest.MobileAuto1@56bc3fac]" started-at="2022-07-11T12:58:24 IST" name="serverStart" finished-at="2022-07-11T12:58:36 IST" duration-ms="12026" status="PASS">
          <reporter-output>
          </reporter-output>
        </test-method> <!-- serverStart -->
        <test-method signature="Testing1()[pri:0, instance:mobileAutoTest.MobileAuto1@56bc3fac]" started-at="2022-07-11T12:58:38 IST" name="Testing1" finished-at="2022-07-11T12:58:51 IST" duration-ms="13196" status="PASS">
          <reporter-output>
          </reporter-output>
        </test-method> <!-- Testing1 -->
        <test-method is-config="true" signature="close()[pri:0, instance:mobileAutoTest.MobileAuto1@56bc3fac]" started-at="2022-07-11T12:58:57 IST" name="close" finished-at="2022-07-11T12:58:57 IST" duration-ms="5" status="PASS">
          <reporter-output>
          </reporter-output>
        </test-method> <!-- close -->
      </class> <!-- mobileAutoTest.MobileAuto1 -->
      <class name="webAutomation.WebAutoTest1">
        <test-method is-config="true" signature="driverStart()[pri:0, instance:webAutomation.WebAutoTest1@36c54a56]" started-at="2022-07-11T12:58:36 IST" name="driverStart" finished-at="2022-07-11T12:58:37 IST" duration-ms="1271" status="PASS">
          <reporter-output>
          </reporter-output>
        </test-method> <!-- driverStart -->
        <test-method signature="WAT1()[pri:0, instance:webAutomation.WebAutoTest1@36c54a56]" started-at="2022-07-11T12:58:52 IST" name="WAT1" finished-at="2022-07-11T12:58:53 IST" duration-ms="1622" status="PASS">
          <reporter-output>
          </reporter-output>
        </test-method> <!-- WAT1 -->
      </class> <!-- webAutomation.WebAutoTest1 -->
      <class name="webAutomation.naveenAutomationLabsTest">
        <test-method is-config="true" signature="driverIn()[pri:0, instance:webAutomation.naveenAutomationLabsTest@3359c978]" started-at="2022-07-11T12:58:37 IST" name="driverIn" finished-at="2022-07-11T12:58:38 IST" duration-ms="698" status="PASS">
          <reporter-output>
          </reporter-output>
        </test-method> <!-- driverIn -->
        <test-method signature="nalTest1()[pri:0, instance:webAutomation.naveenAutomationLabsTest@3359c978]" started-at="2022-07-11T12:58:54 IST" name="nalTest1" finished-at="2022-07-11T12:58:57 IST" duration-ms="3717" status="PASS">
          <reporter-output>
          </reporter-output>
        </test-method> <!-- nalTest1 -->
      </class> <!-- webAutomation.naveenAutomationLabsTest -->
    </test> <!-- Test -->
  </suite> <!-- Suite -->
</testng-results>
