<?xml version="1.0" encoding="UTF-8"?>
<!-- Generated by org.testng.reporters.JUnitXMLReporter -->
<testsuite ignored="0" hostname="LanTheMan" failures="0" tests="3" name="Test" time="33.423" errors="0" timestamp="2022-07-11T12:58:58 IST">
  <testcase classname="mobileAutoTest.MobileAuto1" name="Testing1" time="13.196"/>
  <testcase classname="webAutomation.WebAutoTest1" name="WAT1" time="1.622"/>
  <testcase classname="webAutomation.naveenAutomationLabsTest" name="nalTest1" time="3.717"/>
</testsuite> <!-- Test -->
