<?xml version="1.0" encoding="UTF-8"?>
<!-- Generated by org.testng.reporters.JUnitXMLReporter -->
<testsuite ignored="0" hostname="LanTheMan" failures="0" tests="3" name="Test" time="30.058" errors="0" timestamp="2022-06-22T17:13:27 IST">
  <testcase classname="mobileAutoTest.MobileAuto1" name="Testing1" time="19.066"/>
  <testcase classname="webAutomation.WebAutoTest1" name="WAT1" time="1.279"/>
  <testcase classname="webAutomation.naveenAutomationLabsTest" name="nalTest1" time="6.755"/>
</testsuite> <!-- Test -->
